<?xml version="1.0" encoding="UTF-8"?>
<!-- Generated by org.testng.reporters.JUnitReportReporter -->
<testsuite skipped="0" hostname="DESKTOP-ADGCHK6" name="com.ebanking.scripts.SampleNg" tests="2" failures="0" timestamp="2023-05-11T17:28:08 IST" time="30.558" errors="0">
  <testcase name="bcd" time="15.587" classname="com.ebanking.scripts.SampleNg"/>
  <system-out/>
  <testcase name="abc" time="14.971" classname="com.ebanking.scripts.SampleNg"/>
  <system-out/>
</testsuite> <!-- com.ebanking.scripts.SampleNg -->
