<?xml version="1.0" encoding="UTF-8"?>
<!-- Generated by org.testng.reporters.JUnitReportReporter -->
<testsuite skipped="0" hostname="DESKTOP-ADGCHK6" name="com.ebanking.master.Exepom" tests="3" failures="0" timestamp="2023-05-18T17:25:02 IST" time="49.373" errors="0">
  <testcase name="RoleCreation" time="16.597" classname="com.ebanking.master.Exepom"/>
  <system-out/>
  <testcase name="RoleCreation" time="16.398" classname="com.ebanking.master.Exepom"/>
  <system-out/>
  <testcase name="RoleCreation" time="16.378" classname="com.ebanking.master.Exepom"/>
  <system-out/>
</testsuite> <!-- com.ebanking.master.Exepom -->
