<?xml version="1.0" encoding="UTF-8"?>
<!-- Generated by org.testng.reporters.JUnitReportReporter -->
<testsuite skipped="0" hostname="DESKTOP-ADGCHK6" name="com.ebanking.master.BranchNG" tests="1" failures="0" timestamp="2023-05-12T17:25:48 IST" time="10.978" errors="0">
  <testcase name="Br" time="10.978" classname="com.ebanking.master.BranchNG"/>
  <system-out/>
</testsuite> <!-- com.ebanking.master.BranchNG -->
