<?xml version="1.0" encoding="UTF-8"?>
<!-- Generated by org.testng.reporters.JUnitReportReporter -->
<testsuite skipped="0" hostname="DESKTOP-ADGCHK6" name="com.ebanking.master.BranchNG" tests="1" failures="0" timestamp="2023-05-16T17:08:06 IST" time="11.127" errors="0">
  <testcase name="Br" time="11.127" classname="com.ebanking.master.BranchNG"/>
  <system-out/>
</testsuite> <!-- com.ebanking.master.BranchNG -->
