<?xml version="1.0" encoding="UTF-8"?>
<!-- Generated by org.testng.reporters.JUnitReportReporter -->
<testsuite skipped="0" hostname="DESKTOP-ADGCHK6" name="com.ebanking.master.RoleNG" tests="3" failures="0" timestamp="2023-05-16T17:08:06 IST" time="21.929" errors="0">
  <testcase name="Rol" time="7.373" classname="com.ebanking.master.RoleNG"/>
  <system-out/>
  <testcase name="Rol" time="7.323" classname="com.ebanking.master.RoleNG"/>
  <system-out/>
  <testcase name="Rol" time="7.233" classname="com.ebanking.master.RoleNG"/>
  <system-out/>
</testsuite> <!-- com.ebanking.master.RoleNG -->
