<?xml version="1.0" encoding="UTF-8"?>
<!-- Generated by org.testng.reporters.JUnitReportReporter -->
<testsuite skipped="0" hostname="DESKTOP-ADGCHK6" name="com.ebanking.master.Sgrid" tests="2" failures="0" timestamp="2023-05-30T17:28:21 IST" time="42.985" errors="0">
  <testcase name="Gd" time="21.647" classname="com.ebanking.master.Sgrid"/>
  <system-out/>
  <testcase name="Gd" time="21.338" classname="com.ebanking.master.Sgrid"/>
  <system-out/>
</testsuite> <!-- com.ebanking.master.Sgrid -->
